<?xml version="1.0" encoding="UTF-8"?>
<!-- Generated by org.testng.reporters.JUnitReportReporter -->
<testsuite skipped="1" hostname="Vinay" name="testCases.CreatLead" tests="1" failures="0" timestamp="14 Apr 2018 11:00:21 GMT" time="0.002" errors="0">
  <testcase name="creatlead" time="0.002" classname="testCases.CreatLead">
    <skipped/>
  </testcase> <!-- creatlead -->
</testsuite> <!-- testCases.CreatLead -->
