<?xml version="1.0" encoding="UTF-8"?>
<!-- Generated by org.testng.reporters.JUnitReportReporter -->
<testsuite skipped="0" hostname="Vinay" name="testcaseTNG.TNGLeadCreation" tests="1" failures="0" timestamp="14 Apr 2018 06:29:27 GMT" time="19.101" errors="0">
  <testcase name="testngcheckcreate" time="19.101" classname="testcaseTNG.TNGLeadCreation"/>
</testsuite> <!-- testcaseTNG.TNGLeadCreation -->
