<?xml version="1.0" encoding="UTF-8"?>
<!-- Generated by org.testng.reporters.JUnitReportReporter -->
<testsuite skipped="0" hostname="Vinay" name="testcaseTNG.TNGdeleteLead" tests="1" failures="0" timestamp="14 Apr 2018 06:29:27 GMT" time="23.002" errors="0">
  <testcase name="deleteLead" time="23.002" classname="testcaseTNG.TNGdeleteLead"/>
</testsuite> <!-- testcaseTNG.TNGdeleteLead -->
