<?xml version="1.0" encoding="UTF-8"?>
<!-- Generated by org.testng.reporters.JUnitReportReporter -->
<testsuite skipped="0" hostname="Vinay" name="testcaseTNG.TNGCreateLead" tests="2" failures="0" timestamp="15 Apr 2018 05:41:28 GMT" time="117.534" errors="0">
  <testcase name="testngcheckcreate" time="85.428" classname="testcaseTNG.TNGCreateLead"/>
  <testcase name="testngcheckcreate" time="32.106" classname="testcaseTNG.TNGCreateLead"/>
</testsuite> <!-- testcaseTNG.TNGCreateLead -->
